<?xml version="1.0" encoding="UTF-8"?>
<testng-results ignored="0" total="1" passed="1" failed="0" skipped="0">
  <reporter-output>
    <line>
      <![CDATA[Opening Ajio]]>
    </line>
  </reporter-output>
  <suite started-at="2023-08-24T16:12:06 IST" name="Default suite" finished-at="2023-08-24T16:12:50 IST" duration-ms="44471">
    <groups>
    </groups>
    <test started-at="2023-08-24T16:12:06 IST" name="Default test" finished-at="2023-08-24T16:12:50 IST" duration-ms="44471">
      <class name="e_Commerce.Ajio">
        <test-method signature="ajioTest()[pri:0, instance:e_Commerce.Ajio@21282ed8]" started-at="2023-08-24T16:12:06 IST" name="ajioTest" finished-at="2023-08-24T16:12:50 IST" duration-ms="44435" status="PASS">
          <reporter-output>
            <line>
              <![CDATA[Opening Ajio]]>
            </line>
          </reporter-output>
        </test-method> <!-- ajioTest -->
      </class> <!-- e_Commerce.Ajio -->
    </test> <!-- Default test -->
  </suite> <!-- Default suite -->
</testng-results>
